<?xml version="1.0" encoding="UTF-8" ?>
<testsuites>
 <testsuite name="Testsuite for pow(a, b) function /testing oracles: Math.pow(a, b)/" timestamp="2016-05-20T14:57:26" hostname="localhost" time="0" errors="0" tests="10" skipped="0" disabled="0" failures="1">
  <testcase classname="Testsuite for pow(a, b) function /testing oracles: Math.pow(a, b)/" name="Natural arguments (3 ^ 5 = 243)" time="0" />
  <testcase classname="Testsuite for pow(a, b) function /testing oracles: Math.pow(a, b)/" name="Zero exponent testing (10 ^ 0 = 1) " time="0" />
  <testcase classname="Testsuite for pow(a, b) function /testing oracles: Math.pow(a, b)/" name="Zero base testing (0 ^ 3 = 0) " time="0" />
  <testcase classname="Testsuite for pow(a, b) function /testing oracles: Math.pow(a, b)/" name="Zero base and exponent testing (0 ^ 0 = 0) " time="0" />
  <testcase classname="Testsuite for pow(a, b) function /testing oracles: Math.pow(a, b)/" name="Zero base and negative exponent testing (0 ^ -1 = 0) " time="0" />
  <testcase classname="Testsuite for pow(a, b) function /testing oracles: Math.pow(a, b)/" name="Simple negative exponent testing (2 ^ -1 = 0.5) " time="0" />
  <testcase classname="Testsuite for pow(a, b) function /testing oracles: Math.pow(a, b)/" name="Negative exponent testing (9 ^ -3 = 0.00137) " time="0" />
  <testcase classname="Testsuite for pow(a, b) function /testing oracles: Math.pow(a, b)/" name="Simple negative exponent testing (2 ^ -1 = 0.5) " time="0" />
  <testcase classname="Testsuite for pow(a, b) function /testing oracles: Math.pow(a, b)/" name="Negative base testing (-3 ^ 3 = -27) " time="0" />
  <testcase classname="Testsuite for pow(a, b) function /testing oracles: Math.pow(a, b)/" name="Real exponent testing (4 ^ 0.5 = 2) " time="0">
   <failure type="toEqual" message="Expected 4 to equal 2."><![CDATA[Error: Expected 4 to equal 2.
    at stack (C:\Users\Dmytro\Projects\yenici.github.io\GoFrontend\hwj11\node_modules\jasmine-core\lib\jasmine-core\jasmine.js:1577:17)
    at buildExpectationResult (C:\Users\Dmytro\Projects\yenici.github.io\GoFrontend\hwj11\node_modules\jasmine-core\lib\jasmine-core\jasmine.js:1547:14)
    at Spec.Env.expectationResultFactory (C:\Users\Dmytro\Projects\yenici.github.io\GoFrontend\hwj11\node_modules\jasmine-core\lib\jasmine-core\jasmine.js:638:18)
    at Spec.addExpectationResult (C:\Users\Dmytro\Projects\yenici.github.io\GoFrontend\hwj11\node_modules\jasmine-core\lib\jasmine-core\jasmine.js:330:34)
    at Expectation.addExpectationResult (C:\Users\Dmytro\Projects\yenici.github.io\GoFrontend\hwj11\node_modules\jasmine-core\lib\jasmine-core\jasmine.js:588:21)
    at Expectation.toEqual (C:\Users\Dmytro\Projects\yenici.github.io\GoFrontend\hwj11\node_modules\jasmine-core\lib\jasmine-core\jasmine.js:1501:12)
    at Object.it (C:\Users\Dmytro\Projects\yenici.github.io\GoFrontend\hwj11\spec\test.js:44:31)
    at attemptSync (C:\Users\Dmytro\Projects\yenici.github.io\GoFrontend\hwj11\node_modules\jasmine-core\lib\jasmine-core\jasmine.js:1886:24)
    at QueueRunner.run (C:\Users\Dmytro\Projects\yenici.github.io\GoFrontend\hwj11\node_modules\jasmine-core\lib\jasmine-core\jasmine.js:1874:9)
    at QueueRunner.execute (C:\Users\Dmytro\Projects\yenici.github.io\GoFrontend\hwj11\node_modules\jasmine-core\lib\jasmine-core\jasmine.js:1859:10)]]>
   </failure>
  </testcase>
 </testsuite>
</testsuites>